   Qt/MSBuild: 3.4.1.0
   Qt: 5.15.2
  NotePad.cpp
  main.cpp
D:\visual studio project\QtWidgetsApplication4\NotePad.cpp(15,5): error C2065: “QMessageBox”: 未声明的标识符
D:\visual studio project\QtWidgetsApplication4\NotePad.cpp(15,17): error C2146: 语法错误: 缺少“;”(在标识符“messageBox”的前面)
D:\visual studio project\QtWidgetsApplication4\NotePad.cpp(15,17): error C2065: “messageBox”: 未声明的标识符
D:\visual studio project\QtWidgetsApplication4\NotePad.cpp(16,5): error C2065: “messageBox”: 未声明的标识符
D:\visual studio project\QtWidgetsApplication4\NotePad.cpp(17,5): error C2065: “messageBox”: 未声明的标识符
D:\visual studio project\QtWidgetsApplication4\NotePad.cpp(18,5): error C2065: “messageBox”: 未声明的标识符
D:\visual studio project\QtWidgetsApplication4\NotePad.cpp(18,35): error C2653: “QMessageBox”: 不是类或命名空间名称
D:\visual studio project\QtWidgetsApplication4\NotePad.cpp(18,48): error C2065: “Yes”: 未声明的标识符
D:\visual studio project\QtWidgetsApplication4\NotePad.cpp(18,54): error C2653: “QMessageBox”: 不是类或命名空间名称
D:\visual studio project\QtWidgetsApplication4\NotePad.cpp(18,67): error C2065: “No”: 未声明的标识符
D:\visual studio project\QtWidgetsApplication4\NotePad.cpp(19,5): error C2065: “messageBox”: 未声明的标识符
D:\visual studio project\QtWidgetsApplication4\NotePad.cpp(19,33): error C2653: “QMessageBox”: 不是类或命名空间名称
D:\visual studio project\QtWidgetsApplication4\NotePad.cpp(19,46): error C2065: “No”: 未声明的标识符
D:\visual studio project\QtWidgetsApplication4\NotePad.cpp(20,9): error C2065: “messageBox”: 未声明的标识符
D:\visual studio project\QtWidgetsApplication4\NotePad.cpp(20,30): error C2653: “QMessageBox”: 不是类或命名空间名称
D:\visual studio project\QtWidgetsApplication4\NotePad.cpp(20,43): error C2065: “Yes”: 未声明的标识符
